<?xml version="1.0" encoding="UTF-8"?>
<!-- Generated by org.testng.reporters.JUnitReportReporter -->
<testsuite skipped="0" hostname="Puneeth-PC" name="com.acctime.customer.createCustomerTest" tests="3" failures="0" timestamp="10 Jun 2018 17:16:01 GMT" time="0.033" errors="0">
  <testcase name="deleteCustomerTest" time="0.004" classname="com.acctime.customer.createCustomerTest"/>
  <testcase name="createCustomerTest" time="0.025" classname="com.acctime.customer.createCustomerTest"/>
  <testcase name="modifyCustomerTest" time="0.004" classname="com.acctime.customer.createCustomerTest"/>
</testsuite> <!-- com.acctime.customer.createCustomerTest -->
